
The following have been reloaded with a version change:
  1) CUDA/12.1.1 => CUDA/12.4.0


The following have been reloaded with a version change:
  1) GCCcore/12.3.0 => GCCcore/13.3.0
  2) OpenSSL/1.1 => OpenSSL/3
  3) Python/3.11.3-GCCcore-12.3.0 => Python/3.12.3-GCCcore-13.3.0
  4) SQLite/3.42.0-GCCcore-12.3.0 => SQLite/3.45.3-GCCcore-13.3.0
  5) Tcl/8.6.13-GCCcore-12.3.0 => Tcl/8.6.14-GCCcore-13.3.0
  6) XZ/5.4.2-GCCcore-12.3.0 => XZ/5.4.5-GCCcore-13.3.0
  7) binutils/2.40-GCCcore-12.3.0 => binutils/2.42-GCCcore-13.3.0
  8) bzip2/1.0.8-GCCcore-12.3.0 => bzip2/1.0.8-GCCcore-13.3.0
  9) libffi/3.4.4-GCCcore-12.3.0 => libffi/3.4.5-GCCcore-13.3.0
 10) libreadline/8.2-GCCcore-12.3.0 => libreadline/8.2-GCCcore-13.3.0
 11) ncurses/6.4-GCCcore-12.3.0 => ncurses/6.5-GCCcore-13.3.0
 12) zlib/1.2.13-GCCcore-12.3.0 => zlib/1.3.1-GCCcore-13.3.0


The following have been reloaded with a version change:
  1) CUDA/12.4.0 => CUDA/12.1.1
  2) GCCcore/13.3.0 => GCCcore/12.3.0
  3) OpenSSL/3 => OpenSSL/1.1
  4) Python/3.12.3-GCCcore-13.3.0 => Python/3.11.3-GCCcore-12.3.0
  5) SQLite/3.45.3-GCCcore-13.3.0 => SQLite/3.42.0-GCCcore-12.3.0
  6) Tcl/8.6.14-GCCcore-13.3.0 => Tcl/8.6.13-GCCcore-12.3.0
  7) XZ/5.4.5-GCCcore-13.3.0 => XZ/5.4.2-GCCcore-12.3.0
  8) binutils/2.42-GCCcore-13.3.0 => binutils/2.40-GCCcore-12.3.0
  9) bzip2/1.0.8-GCCcore-13.3.0 => bzip2/1.0.8-GCCcore-12.3.0
 10) libffi/3.4.5-GCCcore-13.3.0 => libffi/3.4.4-GCCcore-12.3.0
 11) libreadline/8.2-GCCcore-13.3.0 => libreadline/8.2-GCCcore-12.3.0
 12) ncurses/6.5-GCCcore-13.3.0 => ncurses/6.4-GCCcore-12.3.0
 13) zlib/1.3.1-GCCcore-13.3.0 => zlib/1.2.13-GCCcore-12.3.0

/home/s6jahard/.local/lib/python3.11/site-packages/torchvision/io/image.py:13: UserWarning: Failed to load image Python extension: '/home/s6jahard/.local/lib/python3.11/site-packages/torchvision/image.so: undefined symbol: _ZN3c106detail23torchInternalAssertFailEPKcS2_jS2_RKSs'If you don't plan on using image functionality from `torchvision.io`, you can ignore this warning. Otherwise, there might be something wrong with your environment. Did you have `libjpeg` or `libpng` installed before building `torchvision` from source?
  warn(
slurmstepd: error: *** JOB 121079 ON node-03 CANCELLED AT 2024-09-14T18:03:40 ***
